[0m
[0m [0m [0m [0m [0m [0m [0m [0m [0m [0m [0m [0m [0m [0m [0m [0m [0m [0m [0m [0m [0m [0m [0m [0m [0m [0m [0m [0m [0m [0m [0m [0m [0m [0m [0m [0m [0m [0m [0m [0m [0m [0m [0m [0m [0m [0m [0m [0m [0m [0m [0m [0m [0m [0m [0m [0m [0m [0m [0m [48;5;255m [48;5;255m [0m [0m [0m [0m [0m [0m [0m [0m [0m [0m [0m [0m
[0m [0m [0m [0m [0m [0m [0m [0m [0m [0m [0m [0m [0m [0m [0m [0m [0m [0m [0m [0m [0m [0m [0m [0m [0m [0m [0m [0m [0m [0m [0m [0m [0m [0m [0m [0m [0m [0m [0m [0m [0m [0m [0m [0m [0m [0m [0m [0m [0m [0m [0m [0m [0m [0m [0m [0m [0m [0m [0m [48;5;255m [48;5;255m [0m [0m [0m [0m [0m [0m [0m [0m [0m [0m [0m [0m
[0m [0m [0m [0m [0m [0m [0m [0m [0m [0m [0m [0m [0m [0m [0m [0m [0m [0m [0m [0m [0m [0m [0m [0m [0m [0m [0m [0m [0m [0m [0m [0m [0m [0m [0m [0m [0m [0m [0m [0m [0m [0m [0m [0m [0m [0m [0m [0m [0m [0m [0m [0m [0m [0m [0m [0m [0m [0m [0m [48;5;255m [48;5;255m [0m [0m [0m [0m [0m [0m [0m [0m [0m [0m [0m [0m
[48;5;255m [48;5;255m [48;5;255m [48;5;255m [48;5;255m [48;5;255m [48;5;255m [0m [0m [48;5;255m [48;5;255m [48;5;255m [48;5;255m [48;5;255m [48;5;255m [48;5;255m [48;5;255m [0m [0m [48;5;255m [48;5;255m [48;5;255m [48;5;255m [48;5;255m [48;5;255m [48;5;255m [48;5;255m [48;5;255m [48;5;255m [48;5;255m [48;5;255m [0m [0m [48;5;255m [48;5;255m [48;5;255m [48;5;255m [48;5;255m [48;5;255m [48;5;255m [48;5;255m [0m [0m [48;5;255m [48;5;255m [48;5;255m [48;5;255m [48;5;255m [48;5;255m [48;5;255m [48;5;255m [0m [0m [48;5;255m [48;5;255m [48;5;255m [48;5;255m [48;5;255m [48;5;255m [48;5;255m [48;5;255m [0m [0m [48;5;255m [48;5;255m [48;5;255m [48;5;255m [48;5;255m [48;5;255m [48;5;255m [48;5;255m [0m [0m [48;5;255m [48;5;255m [48;5;255m [48;5;255m [48;5;255m [48;5;255m [48;5;255m [48;5;255m [0m
[48;5;255m [48;5;255m [0m [0m [0m [0m [0m [0m [0m [48;5;255m [48;5;255m [0m [0m [0m [0m [48;5;255m [48;5;255m [0m [0m [48;5;255m [48;5;255m [0m [0m [0m [48;5;255m [48;5;255m [0m [0m [0m [48;5;255m [48;5;255m [0m [0m [48;5;255m [48;5;255m [0m [0m [0m [0m [48;5;255m [48;5;255m [0m [0m [48;5;255m [48;5;255m [0m [0m [0m [0m [48;5;255m [48;5;255m [0m [0m [48;5;255m [48;5;255m [0m [0m [0m [0m [48;5;255m [48;5;255m [0m [0m [48;5;255m [48;5;255m [0m [0m [0m [0m [48;5;255m [48;5;255m [0m [0m [48;5;255m [48;5;255m [0m
[48;5;255m [48;5;255m [0m [0m [0m [0m [0m [0m [0m [48;5;255m [48;5;255m [0m [0m [0m [0m [48;5;255m [48;5;255m [0m [0m [48;5;255m [48;5;255m [0m [0m [0m [48;5;255m [48;5;255m [0m [0m [0m [48;5;255m [48;5;255m [0m [0m [48;5;255m [48;5;255m [0m [0m [0m [0m [48;5;255m [48;5;255m [0m [0m [48;5;255m [48;5;255m [0m [0m [0m [0m [48;5;255m [48;5;255m [0m [0m [48;5;255m [48;5;255m [0m [0m [0m [0m [48;5;255m [48;5;255m [0m [0m [48;5;255m [48;5;255m [0m [0m [0m [0m [48;5;255m [48;5;255m [0m [0m [48;5;255m [48;5;255m [0m
[48;5;255m [48;5;255m [0m [0m [0m [0m [0m [0m [0m [48;5;255m [48;5;255m [0m [0m [0m [0m [48;5;255m [48;5;255m [0m [0m [48;5;255m [48;5;255m [0m [0m [0m [48;5;255m [48;5;255m [0m [0m [0m [48;5;255m [48;5;255m [0m [0m [48;5;255m [48;5;255m [0m [0m [0m [0m [48;5;255m [48;5;255m [0m [0m [48;5;255m [48;5;255m [0m [0m [0m [0m [48;5;255m [48;5;255m [0m [0m [48;5;255m [48;5;255m [0m [0m [0m [0m [48;5;255m [48;5;255m [0m [0m [48;5;255m [48;5;255m [0m [0m [0m [0m [48;5;255m [48;5;255m [0m [0m [48;5;255m [48;5;255m [0m
[48;5;255m [48;5;255m [48;5;255m [48;5;255m [48;5;255m [48;5;255m [48;5;255m [0m [0m [48;5;255m [48;5;255m [48;5;255m [48;5;255m [48;5;255m [48;5;255m [48;5;255m [48;5;255m [0m [0m [48;5;255m [48;5;255m [0m [0m [0m [48;5;255m [48;5;255m [0m [0m [0m [48;5;255m [48;5;255m [0m [0m [48;5;255m [48;5;255m [48;5;255m [48;5;255m [48;5;255m [48;5;255m [48;5;255m [48;5;255m [0m [0m [48;5;255m [48;5;255m [48;5;255m [48;5;255m [48;5;255m [48;5;255m [48;5;255m [48;5;255m [0m [0m [48;5;255m [48;5;255m [48;5;255m [48;5;255m [48;5;255m [48;5;255m [48;5;255m [48;5;255m [0m [0m [48;5;255m [48;5;255m [48;5;255m [48;5;255m [48;5;255m [48;5;255m [48;5;255m [48;5;255m [0m [0m [48;5;255m [48;5;255m [48;5;255m [48;5;255m [48;5;255m [48;5;255m [48;5;255m [48;5;255m [0m
[0m [0m [0m [0m [0m [0m [0m [0m [0m [0m [0m [0m [0m [0m [0m [0m [0m [0m [0m [0m [0m [0m [0m [0m [0m [0m [0m [0m [0m [0m [0m [0m [0m [48;5;255m [48;5;255m [0m [0m [0m [0m [0m [0m [0m [0m [0m [0m [0m [0m
[0m [0m [0m [0m [0m [0m [0m [0m [0m [0m [0m [0m [0m [0m [0m [0m [0m [0m [0m [0m [0m [0m [0m [0m [0m [0m [0m [0m [0m [0m [0m [0m [0m [48;5;255m [48;5;255m [0m [0m [0m [0m [0m [0m [0m [0m [0m [0m [0m [0m
[0m [0m [0m [0m [0m [0m [0m [0m [0m [0m [0m [0m [0m [0m [0m [0m [0m [0m [0m [0m [0m [0m [0m [0m [0m [0m [0m [0m [0m [0m [0m [0m [0m [48;5;255m [48;5;255m [0m [0m [0m [0m [0m [0m [0m [0m [0m [0m [0m [0m

1.1.14

TypeScript version used by Compodoc : 4.3.5

TypeScript version of current project : 4.2.3

Node.js version : v16.13.1

Operating system : macOS Big Sur

[14:20:45] No configuration file found, switching to CLI flags.
[14:20:45] Using tsconfig file : /Users/sumitarora/Workspace/oss/radius/radius-angular/tsconfig.json
[14:20:45] Including      : /Users/sumitarora/Workspace/oss/radius/radius-angular/.DS_Store
[14:20:45] Including      : /Users/sumitarora/Workspace/oss/radius/radius-angular/.editorconfig
[14:20:45] Including      : /Users/sumitarora/Workspace/oss/radius/radius-angular/README.md
[14:20:45] Including      : /Users/sumitarora/Workspace/oss/radius/radius-angular/build-storybook.log
[14:20:45] Including      : /Users/sumitarora/Workspace/oss/radius/radius-angular/.gitignore
[14:20:45] Including      : /Users/sumitarora/Workspace/oss/radius/radius-angular/angular.json
[14:20:45] Including      : /Users/sumitarora/Workspace/oss/radius/radius-angular/documentation.json
[14:20:45] Including      : /Users/sumitarora/Workspace/oss/radius/radius-angular/jest.config.js
[14:20:45] Including      : /Users/sumitarora/Workspace/oss/radius/radius-angular/package-lock.json
[14:20:45] Including      : /Users/sumitarora/Workspace/oss/radius/radius-angular/package.json
[14:20:45] Including      : /Users/sumitarora/Workspace/oss/radius/radius-angular/setup-jest.ts
[14:20:45] Including      : /Users/sumitarora/Workspace/oss/radius/radius-angular/tsconfig.json
[14:20:45] Including      : /Users/sumitarora/Workspace/oss/radius/radius-angular/test-config.helper.ts
[14:20:45] Including      : /Users/sumitarora/Workspace/oss/radius/radius-angular/.storybook/main.js
[14:20:45] Including      : /Users/sumitarora/Workspace/oss/radius/radius-angular/.storybook/manager-head.html
[14:20:45] Including      : /Users/sumitarora/Workspace/oss/radius/radius-angular/.storybook/preview.js
[14:20:45] Including      : /Users/sumitarora/Workspace/oss/radius/radius-angular/.storybook/manager.js
[14:20:45] Including      : /Users/sumitarora/Workspace/oss/radius/radius-angular/.storybook/preview-head.html
[14:20:45] Including      : /Users/sumitarora/Workspace/oss/radius/radius-angular/.storybook/theme.js
[14:20:45] Including      : /Users/sumitarora/Workspace/oss/radius/radius-angular/.storybook/tsconfig.json
[14:20:45] Ignoring       : /Users/sumitarora/Workspace/oss/radius/radius-angular/.storybook/typings.d.ts
[14:20:45] Including      : /Users/sumitarora/Workspace/oss/radius/radius-angular/storybook-static/115.580b56b0.iframe.bundle.js.map
[14:20:45] Including      : /Users/sumitarora/Workspace/oss/radius/radius-angular/storybook-static/115.580b56b0.iframe.bundle.js
[14:20:45] Including      : /Users/sumitarora/Workspace/oss/radius/radius-angular/storybook-static/177.712e2372.iframe.bundle.js
[14:20:45] Including      : /Users/sumitarora/Workspace/oss/radius/radius-angular/storybook-static/177.712e2372.iframe.bundle.js.map
[14:20:45] Including      : /Users/sumitarora/Workspace/oss/radius/radius-angular/storybook-static/319.13b7fc78.iframe.bundle.js
[14:20:45] Including      : /Users/sumitarora/Workspace/oss/radius/radius-angular/storybook-static/319.13b7fc78.iframe.bundle.js.map
[14:20:45] Including      : /Users/sumitarora/Workspace/oss/radius/radius-angular/storybook-static/115.580b56b0.iframe.bundle.js.LICENSE.txt
[14:20:45] Including      : /Users/sumitarora/Workspace/oss/radius/radius-angular/storybook-static/295.d096b7f2d42ad7c775e3.manager.bundle.js
[14:20:45] Including      : /Users/sumitarora/Workspace/oss/radius/radius-angular/storybook-static/319.33b23894a3091b5dd203.manager.bundle.js
[14:20:45] Including      : /Users/sumitarora/Workspace/oss/radius/radius-angular/storybook-static/329.34c5c58e7a9e478ac375.manager.bundle.js.LICENSE.txt
[14:20:45] Including      : /Users/sumitarora/Workspace/oss/radius/radius-angular/storybook-static/329.34c5c58e7a9e478ac375.manager.bundle.js
[14:20:45] Including      : /Users/sumitarora/Workspace/oss/radius/radius-angular/storybook-static/331.d186e4b4.iframe.bundle.js.LICENSE.txt
[14:20:45] Including      : /Users/sumitarora/Workspace/oss/radius/radius-angular/storybook-static/331.d186e4b4.iframe.bundle.js.map
[14:20:45] Including      : /Users/sumitarora/Workspace/oss/radius/radius-angular/storybook-static/331.d506d56e9ef69e84d352.manager.bundle.js
[14:20:45] Including      : /Users/sumitarora/Workspace/oss/radius/radius-angular/storybook-static/331.d506d56e9ef69e84d352.manager.bundle.js.LICENSE.txt
[14:20:45] Including      : /Users/sumitarora/Workspace/oss/radius/radius-angular/storybook-static/434.1da6116a.iframe.bundle.js
[14:20:45] Including      : /Users/sumitarora/Workspace/oss/radius/radius-angular/storybook-static/434.1da6116a.iframe.bundle.js.LICENSE.txt
[14:20:45] Including      : /Users/sumitarora/Workspace/oss/radius/radius-angular/storybook-static/331.d186e4b4.iframe.bundle.js
[14:20:45] Including      : /Users/sumitarora/Workspace/oss/radius/radius-angular/storybook-static/434.1da6116a.iframe.bundle.js.map
[14:20:45] Including      : /Users/sumitarora/Workspace/oss/radius/radius-angular/storybook-static/459.1d787459fd9543c1ad30.manager.bundle.js
[14:20:45] Including      : /Users/sumitarora/Workspace/oss/radius/radius-angular/storybook-static/459.78ce8d56.iframe.bundle.js
[14:20:45] Including      : /Users/sumitarora/Workspace/oss/radius/radius-angular/storybook-static/527.0a6da56392e448c87610.manager.bundle.js
[14:20:45] Including      : /Users/sumitarora/Workspace/oss/radius/radius-angular/storybook-static/527.0a6da56392e448c87610.manager.bundle.js.LICENSE.txt
[14:20:45] Including      : /Users/sumitarora/Workspace/oss/radius/radius-angular/storybook-static/459.78ce8d56.iframe.bundle.js.map
[14:20:45] Including      : /Users/sumitarora/Workspace/oss/radius/radius-angular/storybook-static/531.3cba640c.iframe.bundle.js
[14:20:45] Including      : /Users/sumitarora/Workspace/oss/radius/radius-angular/storybook-static/531.3cba640c.iframe.bundle.js.LICENSE.txt
[14:20:45] Including      : /Users/sumitarora/Workspace/oss/radius/radius-angular/storybook-static/531.3cba640c.iframe.bundle.js.map
[14:20:45] Including      : /Users/sumitarora/Workspace/oss/radius/radius-angular/storybook-static/574.757d7512a6964b6600e7.manager.bundle.js
[14:20:45] Including      : /Users/sumitarora/Workspace/oss/radius/radius-angular/storybook-static/574.9900b6f6.iframe.bundle.js
[14:20:45] Including      : /Users/sumitarora/Workspace/oss/radius/radius-angular/storybook-static/574.9900b6f6.iframe.bundle.js.map
[14:20:45] Including      : /Users/sumitarora/Workspace/oss/radius/radius-angular/storybook-static/701.bb78ae73.iframe.bundle.js
[14:20:45] Including      : /Users/sumitarora/Workspace/oss/radius/radius-angular/storybook-static/819.e358180d.iframe.bundle.js
[14:20:45] Including      : /Users/sumitarora/Workspace/oss/radius/radius-angular/storybook-static/701.bb78ae73.iframe.bundle.js.map
[14:20:45] Including      : /Users/sumitarora/Workspace/oss/radius/radius-angular/storybook-static/819.e358180d.iframe.bundle.js.LICENSE.txt
[14:20:45] Including      : /Users/sumitarora/Workspace/oss/radius/radius-angular/storybook-static/819.e358180d.iframe.bundle.js.map
[14:20:45] Including      : /Users/sumitarora/Workspace/oss/radius/radius-angular/storybook-static/90.4fc71e59.iframe.bundle.js
[14:20:45] Including      : /Users/sumitarora/Workspace/oss/radius/radius-angular/storybook-static/90.4fc71e59.iframe.bundle.js.LICENSE.txt
[14:20:45] Including      : /Users/sumitarora/Workspace/oss/radius/radius-angular/storybook-static/90.4fc71e59.iframe.bundle.js.map
[14:20:45] Including      : /Users/sumitarora/Workspace/oss/radius/radius-angular/storybook-static/935.6a1760d4.iframe.bundle.js
[14:20:45] Including      : /Users/sumitarora/Workspace/oss/radius/radius-angular/storybook-static/935.6a1760d4.iframe.bundle.js.LICENSE.txt
[14:20:45] Including      : /Users/sumitarora/Workspace/oss/radius/radius-angular/storybook-static/935.6a1760d4.iframe.bundle.js.map
[14:20:45] Including      : /Users/sumitarora/Workspace/oss/radius/radius-angular/storybook-static/iframe.html
[14:20:45] Including      : /Users/sumitarora/Workspace/oss/radius/radius-angular/storybook-static/main.c7ff39ef38b181ec9c86.manager.bundle.js
[14:20:45] Including      : /Users/sumitarora/Workspace/oss/radius/radius-angular/storybook-static/main.e29d86d7.iframe.bundle.js
[14:20:45] Including      : /Users/sumitarora/Workspace/oss/radius/radius-angular/storybook-static/main.e29d86d7.iframe.bundle.js.map
[14:20:45] Including      : /Users/sumitarora/Workspace/oss/radius/radius-angular/storybook-static/runtime~main.0c2baa285a0d1d0f4e6a.manager.bundle.js
[14:20:45] Including      : /Users/sumitarora/Workspace/oss/radius/radius-angular/storybook-static/runtime~main.764ee7f7.iframe.bundle.js
[14:20:45] Including      : /Users/sumitarora/Workspace/oss/radius/radius-angular/storybook-static/runtime~main.764ee7f7.iframe.bundle.js.map
[14:20:45] Including      : /Users/sumitarora/Workspace/oss/radius/radius-angular/.github/workflows/main.yml
[14:20:45] Including      : /Users/sumitarora/Workspace/oss/radius/radius-angular/projects/demo/.browserslistrc
[14:20:45] Including      : /Users/sumitarora/Workspace/oss/radius/radius-angular/projects/demo/jest.config.js
[14:20:45] Including      : /Users/sumitarora/Workspace/oss/radius/radius-angular/projects/demo/tsconfig.app.json
[14:20:45] Including      : /Users/sumitarora/Workspace/oss/radius/radius-angular/projects/demo/tsconfig.spec.json
[14:20:45] Including      : /Users/sumitarora/Workspace/oss/radius/radius-angular/projects/ds/README.md
[14:20:45] Including      : /Users/sumitarora/Workspace/oss/radius/radius-angular/projects/ds/jest.config.js
[14:20:45] Including      : /Users/sumitarora/Workspace/oss/radius/radius-angular/projects/ds/ng-package.json
[14:20:45] Including      : /Users/sumitarora/Workspace/oss/radius/radius-angular/projects/ds/package.json
[14:20:45] Including      : /Users/sumitarora/Workspace/oss/radius/radius-angular/projects/ds/tsconfig.lib.json
[14:20:45] Including      : /Users/sumitarora/Workspace/oss/radius/radius-angular/projects/ds/tsconfig.lib.prod.json
[14:20:45] Including      : /Users/sumitarora/Workspace/oss/radius/radius-angular/projects/ds/tsconfig.spec.json
[14:20:45] Including      : /Users/sumitarora/Workspace/oss/radius/radius-angular/storybook-static/favicon.ico
[14:20:45] Including      : /Users/sumitarora/Workspace/oss/radius/radius-angular/storybook-static/index.html
[14:20:45] Including      : /Users/sumitarora/Workspace/oss/radius/radius-angular/dist/ds/README.md
[14:20:45] Ignoring       : /Users/sumitarora/Workspace/oss/radius/radius-angular/dist/ds/ds.d.ts
[14:20:45] Including      : /Users/sumitarora/Workspace/oss/radius/radius-angular/dist/ds/package.json
[14:20:45] Ignoring       : /Users/sumitarora/Workspace/oss/radius/radius-angular/dist/ds/public-api.d.ts
[14:20:45] Including      : /Users/sumitarora/Workspace/oss/radius/radius-angular/projects/demo/src/favicon.ico
[14:20:45] Including      : /Users/sumitarora/Workspace/oss/radius/radius-angular/projects/demo/src/index.html
[14:20:45] Including      : /Users/sumitarora/Workspace/oss/radius/radius-angular/projects/demo/src/main.ts
[14:20:45] Including      : /Users/sumitarora/Workspace/oss/radius/radius-angular/projects/demo/src/polyfills.ts
[14:20:45] Including      : /Users/sumitarora/Workspace/oss/radius/radius-angular/projects/demo/src/styles.css
[14:20:45] Including      : /Users/sumitarora/Workspace/oss/radius/radius-angular/projects/ds/src/public-api.ts
[14:20:45] Including      : /Users/sumitarora/Workspace/oss/radius/radius-angular/storybook-static/imgs/design-systems_16_9.png
[14:20:45] Including      : /Users/sumitarora/Workspace/oss/radius/radius-angular/storybook-static/imgs/radius.png
[14:20:45] Including      : /Users/sumitarora/Workspace/oss/radius/radius-angular/storybook-static/imgs/radius_logo.png
[14:20:45] Including      : /Users/sumitarora/Workspace/oss/radius/radius-angular/storybook-static/imgs/radius_logo_development.svg
[14:20:45] Including      : /Users/sumitarora/Workspace/oss/radius/radius-angular/storybook-static/imgs/radius_logo_inverted.png
[14:20:45] Including      : /Users/sumitarora/Workspace/oss/radius/radius-angular/storybook-static/imgs/rangle_badge.svg
[14:20:45] Including      : /Users/sumitarora/Workspace/oss/radius/radius-angular/.angular/cache/babel-webpack/07660a53c5138e8a66685b830077b0cb.json
[14:20:45] Including      : /Users/sumitarora/Workspace/oss/radius/radius-angular/.angular/cache/babel-webpack/10a5ab6b5b0635ef44b4db7ae96a23aa.json
[14:20:45] Including      : /Users/sumitarora/Workspace/oss/radius/radius-angular/.angular/cache/babel-webpack/0394de41dba412ef8b845141e5162fb9.json
[14:20:45] Including      : /Users/sumitarora/Workspace/oss/radius/radius-angular/.angular/cache/babel-webpack/1cb4ce7f6b6517d5c54a3cf04442829c.json
[14:20:45] Including      : /Users/sumitarora/Workspace/oss/radius/radius-angular/.angular/cache/babel-webpack/30fda28965ae0016d516d9c83f1dc8aa.json
[14:20:45] Including      : /Users/sumitarora/Workspace/oss/radius/radius-angular/.angular/cache/babel-webpack/36cfd531f782c82d5ed840101d98b098.json
[14:20:45] Including      : /Users/sumitarora/Workspace/oss/radius/radius-angular/.angular/cache/babel-webpack/37518b9dba6663bf6e9dea8dea70c19c.json
[14:20:45] Including      : /Users/sumitarora/Workspace/oss/radius/radius-angular/.angular/cache/babel-webpack/6de3db13da6ff2d4b1e73a8982f553f4.json
[14:20:45] Including      : /Users/sumitarora/Workspace/oss/radius/radius-angular/.angular/cache/babel-webpack/5b81a6b28caf8e69085de5c9e0707c8d.json
[14:20:45] Including      : /Users/sumitarora/Workspace/oss/radius/radius-angular/.angular/cache/babel-webpack/1bea3889c1493e4a852dcbf870b124e1.json
[14:20:45] Including      : /Users/sumitarora/Workspace/oss/radius/radius-angular/.angular/cache/babel-webpack/18596de3c049e09e3a49fc89891f5e23.json
[14:20:45] Including      : /Users/sumitarora/Workspace/oss/radius/radius-angular/.angular/cache/babel-webpack/74996b966742b87af121a0873c2f518b.json
[14:20:45] Including      : /Users/sumitarora/Workspace/oss/radius/radius-angular/.angular/cache/babel-webpack/817951851a8b630b725f0da140932b03.json
[14:20:45] Including      : /Users/sumitarora/Workspace/oss/radius/radius-angular/.angular/cache/babel-webpack/8fef3827db32e2ceac8771e9b2feb361.json
[14:20:45] Including      : /Users/sumitarora/Workspace/oss/radius/radius-angular/.angular/cache/babel-webpack/b5d158ea6d3cf0b39bba68c9e2b9b592.json
[14:20:45] Including      : /Users/sumitarora/Workspace/oss/radius/radius-angular/.angular/cache/babel-webpack/b7b7f041230ae08d6202d08991e86ea3.json
[14:20:45] Including      : /Users/sumitarora/Workspace/oss/radius/radius-angular/.angular/cache/babel-webpack/b954c36da58f98cf2771304806e33523.json
[14:20:45] Including      : /Users/sumitarora/Workspace/oss/radius/radius-angular/.angular/cache/babel-webpack/c9ecf00fa8a43e47e8a7da6e30f1fc41.json
[14:20:45] Including      : /Users/sumitarora/Workspace/oss/radius/radius-angular/.angular/cache/babel-webpack/e547060800cbf64342b2eb5ae4e21dcd.json
[14:20:45] Including      : /Users/sumitarora/Workspace/oss/radius/radius-angular/.angular/cache/babel-webpack/f6f85864e7cc2a723456990bc8164ce6.json
[14:20:45] Including      : /Users/sumitarora/Workspace/oss/radius/radius-angular/dist/ds/bundles/ds.umd.js.map
[14:20:45] Including      : /Users/sumitarora/Workspace/oss/radius/radius-angular/dist/ds/fesm2015/ds.js
[14:20:45] Including      : /Users/sumitarora/Workspace/oss/radius/radius-angular/dist/ds/fesm2015/ds.js.map
[14:20:45] Including      : /Users/sumitarora/Workspace/oss/radius/radius-angular/dist/ds/esm2015/ds.js
[14:20:45] Including      : /Users/sumitarora/Workspace/oss/radius/radius-angular/dist/ds/esm2015/public-api.js
[14:20:45] Ignoring       : /Users/sumitarora/Workspace/oss/radius/radius-angular/dist/ds/lib/ds.module.d.ts
[14:20:45] Including      : /Users/sumitarora/Workspace/oss/radius/radius-angular/.angular/cache/babel-webpack/f66906c60ec54b4c7acb99e156c21d26.json
[14:20:45] Including      : /Users/sumitarora/Workspace/oss/radius/radius-angular/dist/ds/bundles/ds.umd.js
[14:20:45] Including      : /Users/sumitarora/Workspace/oss/radius/radius-angular/projects/demo/src/app/app-routing.module.ts
[14:20:45] Including      : /Users/sumitarora/Workspace/oss/radius/radius-angular/projects/demo/src/app/app.component.css
[14:20:45] Including      : /Users/sumitarora/Workspace/oss/radius/radius-angular/projects/demo/src/app/app.component.ts
[14:20:45] Including      : /Users/sumitarora/Workspace/oss/radius/radius-angular/projects/demo/src/app/app.module.ts
[14:20:45] Including      : /Users/sumitarora/Workspace/oss/radius/radius-angular/projects/demo/src/app/app.component.html
[14:20:45] Ignoring       : /Users/sumitarora/Workspace/oss/radius/radius-angular/projects/demo/src/app/app.component.spec.ts
[14:20:45] Including      : /Users/sumitarora/Workspace/oss/radius/radius-angular/projects/demo/src/assets/.gitkeep
[14:20:45] Including      : /Users/sumitarora/Workspace/oss/radius/radius-angular/projects/demo/src/environments/environment.prod.ts
[14:20:45] Including      : /Users/sumitarora/Workspace/oss/radius/radius-angular/projects/demo/src/environments/environment.ts
[14:20:45] Including      : /Users/sumitarora/Workspace/oss/radius/radius-angular/projects/demo/src/styles/borders.scss
[14:20:45] Including      : /Users/sumitarora/Workspace/oss/radius/radius-angular/projects/demo/src/styles/colors.scss
[14:20:45] Including      : /Users/sumitarora/Workspace/oss/radius/radius-angular/projects/demo/src/styles/drop-shadows.scss
[14:20:45] Including      : /Users/sumitarora/Workspace/oss/radius/radius-angular/projects/demo/src/styles/index.scss
[14:20:45] Including      : /Users/sumitarora/Workspace/oss/radius/radius-angular/projects/demo/src/styles/spacing.scss
[14:20:45] Including      : /Users/sumitarora/Workspace/oss/radius/radius-angular/projects/demo/src/styles/typography.scss
[14:20:45] Including      : /Users/sumitarora/Workspace/oss/radius/radius-angular/storybook-static/static/media/radius_logo_inverted.d21d1044.png
[14:20:45] Including      : /Users/sumitarora/Workspace/oss/radius/radius-angular/projects/ds/src/docs/0-overview.stories.mdx
[14:20:45] Including      : /Users/sumitarora/Workspace/oss/radius/radius-angular/projects/ds/src/docs/1-design-principles.stories.mdx
[14:20:45] Including      : /Users/sumitarora/Workspace/oss/radius/radius-angular/projects/ds/src/docs/5-other-tokens.stories.mdx
[14:20:45] Including      : /Users/sumitarora/Workspace/oss/radius/radius-angular/projects/ds/src/docs/2-color-tokens.stories.mdx
[14:20:45] Including      : /Users/sumitarora/Workspace/oss/radius/radius-angular/projects/ds/src/docs/3-typography-tokens.stories.mdx
[14:20:45] Including      : /Users/sumitarora/Workspace/oss/radius/radius-angular/projects/ds/src/docs/4-space-tokens.stories.mdx
[14:20:45] Including      : /Users/sumitarora/Workspace/oss/radius/radius-angular/projects/ds/src/docs/theme.ts
[14:20:45] Including      : /Users/sumitarora/Workspace/oss/radius/radius-angular/projects/ds/src/lib/ds.module.ts
[14:20:45] Including      : /Users/sumitarora/Workspace/oss/radius/radius-angular/.angular/cache/angular-webpack/0f6a3230fb8c54661d99dc7361cd60cafca45461/0.pack
[14:20:45] Including      : /Users/sumitarora/Workspace/oss/radius/radius-angular/dist/ds/esm2015/lib/ds.module.js
[14:20:45] Ignoring       : /Users/sumitarora/Workspace/oss/radius/radius-angular/dist/ds/lib/button/button.component.d.ts
[14:20:45] Ignoring       : /Users/sumitarora/Workspace/oss/radius/radius-angular/dist/ds/lib/text/text.component.d.ts
[14:20:45] Including      : /Users/sumitarora/Workspace/oss/radius/radius-angular/.angular/cache/angular-webpack/0f6a3230fb8c54661d99dc7361cd60cafca45461/index.pack
[14:20:45] Including      : /Users/sumitarora/Workspace/oss/radius/radius-angular/projects/ds/src/lib/text/text.component.html
[14:20:45] Including      : /Users/sumitarora/Workspace/oss/radius/radius-angular/projects/ds/src/lib/text/text.component.ts
[14:20:45] Including      : /Users/sumitarora/Workspace/oss/radius/radius-angular/projects/ds/src/lib/text/text.component.scss
[14:20:45] Including      : /Users/sumitarora/Workspace/oss/radius/radius-angular/projects/ds/src/lib/text/text.stories.ts
[14:20:45] Including      : /Users/sumitarora/Workspace/oss/radius/radius-angular/projects/ds/src/lib/checkbox/checkbox.component.html
[14:20:45] Including      : /Users/sumitarora/Workspace/oss/radius/radius-angular/projects/ds/src/lib/button/button.component.html
[14:20:45] Including      : /Users/sumitarora/Workspace/oss/radius/radius-angular/projects/ds/src/lib/button/button.component.scss
[14:20:45] Including      : /Users/sumitarora/Workspace/oss/radius/radius-angular/projects/ds/src/lib/button/button.component.ts
[14:20:45] Ignoring       : /Users/sumitarora/Workspace/oss/radius/radius-angular/projects/ds/src/lib/checkbox/checkbox.component.spec.ts
[14:20:45] Including      : /Users/sumitarora/Workspace/oss/radius/radius-angular/projects/ds/src/lib/button/button.stories.ts
[14:20:45] Including      : /Users/sumitarora/Workspace/oss/radius/radius-angular/dist/ds/esm2015/lib/text/text.component.js
[14:20:45] Including      : /Users/sumitarora/Workspace/oss/radius/radius-angular/projects/ds/src/lib/checkbox/checkbox.component.ts
[14:20:45] Including      : /Users/sumitarora/Workspace/oss/radius/radius-angular/dist/ds/esm2015/lib/button/button.component.js
[14:20:45] Including      : /Users/sumitarora/Workspace/oss/radius/radius-angular/projects/ds/src/lib/checkbox/checkbox.component.scss
[14:20:45] Including      : /Users/sumitarora/Workspace/oss/radius/radius-angular/projects/ds/src/docs/static/imgs/design-systems_16_9.png
[14:20:45] Including      : /Users/sumitarora/Workspace/oss/radius/radius-angular/projects/ds/src/docs/static/imgs/radius.png
[14:20:45] Including      : /Users/sumitarora/Workspace/oss/radius/radius-angular/projects/ds/src/docs/static/imgs/radius_logo.png
[14:20:45] Including      : /Users/sumitarora/Workspace/oss/radius/radius-angular/projects/ds/src/docs/static/imgs/radius_logo_development.svg
[14:20:45] Including      : /Users/sumitarora/Workspace/oss/radius/radius-angular/projects/ds/src/docs/static/imgs/radius_logo_inverted.png
[14:20:45] Including      : /Users/sumitarora/Workspace/oss/radius/radius-angular/projects/ds/src/docs/static/imgs/rangle_badge.svg
[14:20:45] Searching package.json file
[14:20:45] package.json file found
[14:20:45] Processing package.json dependencies
[14:20:45] Searching README.md, CHANGELOG.md, CONTRIBUTING.md, LICENSE.md, TODO.md files
[14:20:45] README.md file found
[14:20:45] Error during /Users/sumitarora/Workspace/oss/radius/radius-angular/CHANGELOG read
[14:20:45] Continuing without CHANGELOG.md file
[14:20:45] Error during /Users/sumitarora/Workspace/oss/radius/radius-angular/CONTRIBUTING read
[14:20:45] Continuing without CONTRIBUTING.md file
[14:20:45] Error during /Users/sumitarora/Workspace/oss/radius/radius-angular/LICENSE read
[14:20:45] Continuing without LICENSE.md file
[14:20:45] Error during /Users/sumitarora/Workspace/oss/radius/radius-angular/TODO read
[14:20:45] Continuing without TODO.md file
[14:20:45] Get dependencies data
[14:20:49] parsing        : /Users/sumitarora/Workspace/oss/radius/radius-angular/setup-jest.ts
[14:20:49] found          : mock
[14:20:49] parsing        : /Users/sumitarora/Workspace/oss/radius/radius-angular/test-config.helper.ts
[14:20:49] found          : CompilerOptions
[14:20:49] found          : ConfigureFn
[14:20:49] found          : configureTests
[14:20:49] parsing        : /Users/sumitarora/Workspace/oss/radius/radius-angular/projects/demo/src/main.ts
[14:20:49] parsing        : /Users/sumitarora/Workspace/oss/radius/radius-angular/projects/demo/src/polyfills.ts
[14:20:49] parsing        : /Users/sumitarora/Workspace/oss/radius/radius-angular/projects/ds/src/public-api.ts
[14:20:49] parsing        : /Users/sumitarora/Workspace/oss/radius/radius-angular/projects/demo/src/app/app-routing.module.ts
[14:20:49] Analysing routes definitions and clean them if necessary
[14:20:49] found          : AppRoutingModule
[14:20:49]                : - imports:
[14:20:49]                : 	- RouterModule
[14:20:49]                : - exports:
[14:20:49]                : 	- RouterModule
[14:20:49] parsing        : /Users/sumitarora/Workspace/oss/radius/radius-angular/projects/demo/src/app/app.component.ts
[14:20:49] found          : AppComponent
[14:20:49] parsing        : /Users/sumitarora/Workspace/oss/radius/radius-angular/projects/demo/src/app/app.module.ts
[14:20:49] found          : AppModule
[14:20:49]                : - imports:
[14:20:49]                : 	- BrowserModule
[14:20:49]                : 	- AppRoutingModule
[14:20:49]                : - declarations:
[14:20:49]                : 	- AppComponent
[14:20:49]                : - bootstrap:
[14:20:49]                : 	- AppComponent
[14:20:49] parsing        : /Users/sumitarora/Workspace/oss/radius/radius-angular/projects/demo/src/environments/environment.prod.ts
[14:20:49] found          : environment
[14:20:49] parsing        : /Users/sumitarora/Workspace/oss/radius/radius-angular/projects/demo/src/environments/environment.ts
[14:20:49] found          : environment
[14:20:49] parsing        : /Users/sumitarora/Workspace/oss/radius/radius-angular/projects/ds/src/docs/theme.ts
[14:20:49] found          : fonts
[14:20:49] found          : fontSizes
[14:20:49] found          : fontWeights
[14:20:49] found          : lineHeights
[14:20:49] found          : letterSpacings
[14:20:49] found          : space
[14:20:49] found          : sizes
[14:20:49] found          : breakpoints
[14:20:49] parsing        : /Users/sumitarora/Workspace/oss/radius/radius-angular/projects/ds/src/lib/ds.module.ts
[14:20:49] found          : DsModule
[14:20:49]                : - imports:
[14:20:49]                : 	- CommonModule
[14:20:49]                : - exports:
[14:20:49]                : 	- ButtonComponent
[14:20:49]                : 	- TextComponent
[14:20:49]                : - declarations:
[14:20:49]                : 	- ButtonComponent
[14:20:49]                : 	- TextComponent
[14:20:49] parsing        : /Users/sumitarora/Workspace/oss/radius/radius-angular/projects/ds/src/lib/text/text.component.ts
[14:20:49] found          : selector
[14:20:49] found          : TextComponent
[14:20:49] parsing        : /Users/sumitarora/Workspace/oss/radius/radius-angular/projects/ds/src/lib/text/text.stories.ts
[14:20:49] found          : DUMMY_TEXT
[14:20:49] found          : Template
[14:20:49] found          : Heading
[14:20:49] found          : Paragraph
[14:20:49] parsing        : /Users/sumitarora/Workspace/oss/radius/radius-angular/projects/ds/src/lib/button/button.component.ts
[14:20:49] found          : selector
[14:20:49] found          : BUTTON_VARIANTS
[14:20:49] found          : BUTTON_SIZES
[14:20:49] found          : ButtonComponent
[14:20:49] parsing        : /Users/sumitarora/Workspace/oss/radius/radius-angular/projects/ds/src/lib/button/button.stories.ts
[14:20:49] found          : icon
[14:20:49] found          : Template
[14:20:49] found          : Primary
[14:20:49] found          : Secondary
[14:20:49] found          : Chevron
[14:20:49] found          : Icon
[14:20:49] found          : IconWithText
[14:20:49] parsing        : /Users/sumitarora/Workspace/oss/radius/radius-angular/projects/ds/src/lib/checkbox/checkbox.component.ts
[14:20:49] found          : selector
[14:20:49] found          : CheckboxComponent
[14:20:49] -------------------
[14:20:49] Project statistics 
[14:20:49] - files      : 168
[14:20:49] - module     : 3
[14:20:49] - component  : 4
[14:20:49] -------------------
[14:20:49] Prepare components
[14:20:49]  AppComponent has a templateUrl, include it
[14:20:49]  AppComponent has styleUrls, include them
[14:20:49]  ButtonComponent has a templateUrl, include it
[14:20:49]  ButtonComponent has styleUrls, include them
[14:20:49]  CheckboxComponent has a templateUrl, include it
[14:20:49]  CheckboxComponent has styleUrls, include them
[14:20:49]  TextComponent has a templateUrl, include it
[14:20:49]  TextComponent has styleUrls, include them
[14:20:49] Prepare modules
[14:20:49] Process routes
[14:20:49] Prepare miscellaneous
[14:20:49] Process documentation coverage report
[14:20:49] Generating documentation in export format json
[14:20:49] Documentation generated in ./ in 3.687 seconds
info @storybook/angular v6.4.9
info 
info => Cleaning outputDir: /var/folders/nw/3tbrrb5119g_rk9kgg261mvm0000gn/T/chromatic--92298-j2FjAW8Cv4Et
info => Loading presets
info => Copying static files: /Users/sumitarora/Workspace/oss/radius/radius-angular/projects/ds/src/docs/static at /var/folders/nw/3tbrrb5119g_rk9kgg261mvm0000gn/T/chromatic--92298-j2FjAW8Cv4Et/
info => Loading custom manager config
info => Compiling manager..
info => Compiling preview..
(node:92312) [DEP0148] DeprecationWarning: Use of deprecated folder mapping "./" in the "exports" field module resolution of the package at /Users/sumitarora/Workspace/oss/radius/radius-angular/node_modules/tslib/package.json.
Update this package.json to use a subpath pattern like "./*".
(Use `node --trace-deprecation ...` to show where the warning was created)
info => Loading custom manager config
info => Found custom tsconfig.json
info => Using implicit CSS loaders
info => Loading angular-cli config for angular lower than 12.2.0
info => Using angular project "ds:build" for configuring Storybook
info => Using angular-cli webpack config
info => Using default Webpack5 setup
<s> [webpack.Progress] 0% 

<s> [webpack.Progress] 1% setup initialize
<s> [webpack.Progress] 1% setup initialize HtmlWebpackPlugin
<s> [webpack.Progress] 1% setup initialize
<s> [webpack.Progress] 2% setup before run
<s> [webpack.Progress] 2% setup before run NodeEnvironmentPlugin
<s> [webpack.Progress] 2% setup before run
<s> [webpack.Progress] 3% setup run
<s> [webpack.Progress] 3% setup run fork-ts-checker-webpack-plugin
<s> [webpack.Progress] 3% setup run
<s> [webpack.Progress] 4% setup normal module factory
<s> [webpack.Progress] 4% setup normal module factory CaseSensitivePathsPlugin
<s> [webpack.Progress] 4% setup normal module factory
<s> [webpack.Progress] 5% setup context module factory
<s> [webpack.Progress] 5% setup context module factory ContextReplacementPlugin
<s> [webpack.Progress] 5% setup context module factory ContextReplacementPlugin
<s> [webpack.Progress] 5% setup context module factory
<s> [webpack.Progress] 6% setup before compile
<s> [webpack.Progress] 6% setup before compile ProgressPlugin
<s> [webpack.Progress] 6% setup before compile
<s> [webpack.Progress] 7% setup compile
<s> [webpack.Progress] 7% setup compile fork-ts-checker-webpack-plugin
Starting type checking service...
<s> [webpack.Progress] 7% setup compile ExternalsPlugin
<s> [webpack.Progress] 7% setup compile
<s> [webpack.Progress] 8% setup compilation
<s> [webpack.Progress] 8% setup compilation ArrayPushCallbackChunkFormatPlugin
<s> [webpack.Progress] 8% setup compilation JsonpChunkLoadingPlugin
<s> [webpack.Progress] 8% setup compilation StartupChunkDependenciesPlugin
<s> [webpack.Progress] 8% setup compilation ImportScriptsChunkLoadingPlugin
<s> [webpack.Progress] 8% setup compilation FetchCompileWasmPlugin
<s> [webpack.Progress] 8% setup compilation FetchCompileAsyncWasmPlugin
<s> [webpack.Progress] 8% setup compilation WorkerPlugin
<s> [webpack.Progress] 8% setup compilation SplitChunksPlugin
<s> [webpack.Progress] 8% setup compilation RuntimeChunkPlugin
<s> [webpack.Progress] 8% setup compilation ResolverCachePlugin
<s> [webpack.Progress] 8% setup compilation HtmlWebpackPlugin
<s> [webpack.Progress] 8% setup compilation
<s> [webpack.Progress] 9% setup compilation
<s> [webpack.Progress] 9% setup compilation AnyComponentStyleBudgetChecker
<s> [webpack.Progress] 9% setup compilation DedupeModuleResolvePlugin
<s> [webpack.Progress] 9% setup compilation DefinePlugin
<s> [webpack.Progress] 9% setup compilation ProvidePlugin
<s> [webpack.Progress] 9% setup compilation ProgressPlugin
<s> [webpack.Progress] 9% setup compilation ChunkPrefetchPreloadPlugin
<s> [webpack.Progress] 9% setup compilation SourceMapDevToolPlugin
<s> [webpack.Progress] 9% setup compilation JavascriptModulesPlugin
<s> [webpack.Progress] 9% setup compilation JsonModulesPlugin
<s> [webpack.Progress] 9% setup compilation AssetModulesPlugin
<s> [webpack.Progress] 9% setup compilation EntryPlugin
<s> [webpack.Progress] 9% setup compilation EntryPlugin
<s> [webpack.Progress] 9% setup compilation EntryPlugin
<s> [webpack.Progress] 9% setup compilation EntryPlugin
<s> [webpack.Progress] 9% setup compilation EntryPlugin
<s> [webpack.Progress] 9% setup compilation EntryPlugin
<s> [webpack.Progress] 9% setup compilation EntryPlugin
<s> [webpack.Progress] 9% setup compilation EntryPlugin
<s> [webpack.Progress] 9% setup compilation EntryPlugin
<s> [webpack.Progress] 9% setup compilation EntryPlugin
<s> [webpack.Progress] 9% setup compilation EntryPlugin
<s> [webpack.Progress] 9% setup compilation EntryPlugin
<s> [webpack.Progress] 9% setup compilation EntryPlugin
<s> [webpack.Progress] 9% setup compilation EntryPlugin
<s> [webpack.Progress] 9% setup compilation EntryPlugin
<s> [webpack.Progress] 9% setup compilation EntryPlugin
<s> [webpack.Progress] 9% setup compilation EntryPlugin
<s> [webpack.Progress] 9% setup compilation RuntimePlugin
<s> [webpack.Progress] 9% setup compilation InferAsyncModulesPlugin
<s> [webpack.Progress] 9% setup compilation DataUriPlugin
<s> [webpack.Progress] 9% setup compilation FileUriPlugin
<s> [webpack.Progress] 9% setup compilation CompatibilityPlugin
<s> [webpack.Progress] 9% setup compilation HarmonyModulesPlugin
<s> [webpack.Progress] 9% setup compilation AMDPlugin
<s> [webpack.Progress] 9% setup compilation RequireJsStuffPlugin
<s> [webpack.Progress] 9% setup compilation CommonJsPlugin
<s> [webpack.Progress] 9% setup compilation LoaderPlugin
<s> [webpack.Progress] 9% setup compilation LoaderPlugin
<s> [webpack.Progress] 9% setup compilation NodeStuffPlugin
<s> [webpack.Progress] 9% setup compilation APIPlugin
<s> [webpack.Progress] 9% setup compilation ExportsInfoApiPlugin
<s> [webpack.Progress] 9% setup compilation WebpackIsIncludedPlugin
<s> [webpack.Progress] 9% setup compilation ConstPlugin
<s> [webpack.Progress] 9% setup compilation UseStrictPlugin
<s> [webpack.Progress] 9% setup compilation RequireIncludePlugin
<s> [webpack.Progress] 9% setup compilation RequireEnsurePlugin
<s> [webpack.Progress] 9% setup compilation RequireContextPlugin
<s> [webpack.Progress] 9% setup compilation ImportPlugin
<s> [webpack.Progress] 9% setup compilation SystemPlugin
<s> [webpack.Progress] 9% setup compilation ImportMetaPlugin
<s> [webpack.Progress] 9% setup compilation URLPlugin
<s> [webpack.Progress] 9% setup compilation DefaultStatsFactoryPlugin
<s> [webpack.Progress] 9% setup compilation DefaultStatsPresetPlugin
<s> [webpack.Progress] 9% setup compilation DefaultStatsPrinterPlugin
<s> [webpack.Progress] 9% setup compilation JavascriptMetaInfoPlugin
<s> [webpack.Progress] 9% setup compilation EnsureChunkConditionsPlugin
<s> [webpack.Progress] 9% setup compilation RemoveEmptyChunksPlugin
<s> [webpack.Progress] 9% setup compilation MergeDuplicateChunksPlugin
<s> [webpack.Progress] 9% setup compilation FlagIncludedChunksPlugin
<s> [webpack.Progress] 9% setup compilation SideEffectsFlagPlugin
<s> [webpack.Progress] 9% setup compilation FlagDependencyExportsPlugin
<s> [webpack.Progress] 9% setup compilation FlagDependencyUsagePlugin
<s> [webpack.Progress] 9% setup compilation InnerGraphPlugin
<s> [webpack.Progress] 9% setup compilation MangleExportsPlugin
<s> [webpack.Progress] 9% setup compilation ModuleConcatenationPlugin
<s> [webpack.Progress] 9% setup compilation NoEmitOnErrorsPlugin
<s> [webpack.Progress] 9% setup compilation RealContentHashPlugin
<s> [webpack.Progress] 9% setup compilation WasmFinalizeExportsPlugin
<s> [webpack.Progress] 9% setup compilation NamedModuleIdsPlugin
<s> [webpack.Progress] 9% setup compilation DeterministicChunkIdsPlugin
<s> [webpack.Progress] 9% setup compilation DefinePlugin
<s> [webpack.Progress] 9% setup compilation TerserPlugin
<s> [webpack.Progress] 9% setup compilation TemplatedPathPlugin
<s> [webpack.Progress] 9% setup compilation RecordIdsPlugin
<s> [webpack.Progress] 9% setup compilation WarnCaseSensitiveModulesPlugin
<s> [webpack.Progress] 9% setup compilation IgnoreWarningsPlugin
<s> [webpack.Progress] 9% setup compilation
<s> [webpack.Progress] 10% building
<s> [webpack.Progress] 10% building 0/1 entries 0/0 dependencies 0/0 modules
<s> [webpack.Progress] 10% building import loader ./node_modules/babel-loader/lib/index.js
<s> [webpack.Progress] 10% building 0/17 entries 12/44 dependencies 0/12 modules
<s> [webpack.Progress] 10% building 0/17 entries 35/117 dependencies 1/31 modules
<s> [webpack.Progress] 10% building 0/17 entries 45/117 dependencies 1/40 modules
<s> [webpack.Progress] 10% building 0/17 entries 50/117 dependencies 1/44 modules
<s> [webpack.Progress] 10% building 0/17 entries 77/117 dependencies 2/67 modules
<s> [webpack.Progress] 10% building 0/17 entries 166/358 dependencies 7/100 modules
<s> [webpack.Progress] 10% building 0/17 entries 475/544 dependencies 10/200 modules
<s> [webpack.Progress] 10% building 0/17 entries 679/793 dependencies 30/257 modules
<s> [webpack.Progress] 10% building import loader ./node_modules/style-loader/dist/cjs.js
<s> [webpack.Progress] 10% building import loader ./node_modules/css-loader/dist/cjs.js
<s> [webpack.Progress] 10% building import loader ./node_modules/sass-loader/dist/cjs.js
<s> [webpack.Progress] 10% building 0/17 entries 763/849 dependencies 51/257 modules
[BABEL] Note: The code generator has deoptimised the styling of /Users/sumitarora/Workspace/oss/radius/radius-angular/node_modules/prettier/standalone.js as it exceeds the max of 500KB.
<s> [webpack.Progress] 10% building import loader ./node_modules/raw-loader/dist/cjs.js
<s> [webpack.Progress] 10% building 0/17 entries 1040/1109 dependencies 54/308 modules
<s> [webpack.Progress] 11% building 0/17 entries 1200/1260 dependencies 121/327 modules
<s> [webpack.Progress] 12% building 0/17 entries 1525/1600 dependencies 220/381 modules
<s> [webpack.Progress] 12% building 0/17 entries 1761/1800 dependencies 263/418 modules
<s> [webpack.Progress] 12% building 0/17 entries 1800/1863 dependencies 268/427 modules
<s> [webpack.Progress] 13% building 0/17 entries 2296/2400 dependencies 293/524 modules
<s> [webpack.Progress] 13% building 0/17 entries 2400/2530 dependencies 296/543 modules
<s> [webpack.Progress] 13% building 0/17 entries 2800/2894 dependencies 317/584 modules
<s> [webpack.Progress] 13% building 0/17 entries 2910/2979 dependencies 325/600 modules
<s> [webpack.Progress] 13% building 0/17 entries 2959/3000 dependencies 325/626 modules
<s> [webpack.Progress] 13% building 0/17 entries 3100/3196 dependencies 338/673 modules
<s> [webpack.Progress] 14% building 0/17 entries 3250/3300 dependencies 370/684 modules
<s> [webpack.Progress] 14% building 0/17 entries 3400/3438 dependencies 390/699 modules
<s> [webpack.Progress] 14% building 0/17 entries 3685/3700 dependencies 417/765 modules
<s> [webpack.Progress] 14% building 1/17 entries 3888/3894 dependencies 452/834 modules
<s> [webpack.Progress] 15% building 1/17 entries 3972/3974 dependencies 500/852 modules
<s> [webpack.Progress] 19% building 1/17 entries 5077/5090 dependencies 900/1179 modules
<s> [webpack.Progress] 25% building 1/17 entries 6090/6100 dependencies 1387/1484 modules
<s> [webpack.Progress] 25% building 2/17 entries 6104/6122 dependencies 1410/1484 modules
<s> [webpack.Progress] 25% building import loader ./node_modules/@mdx-js/loader/index.js
<s> [webpack.Progress] 25% building 2/17 entries 6159/6170 dependencies 1420/1499 modules
<s> [webpack.Progress] 25% building import loader ./node_modules/ts-loader/index.js
<s> [webpack.Progress] 25% building import loader ./node_modules/@storybook/angular/dist/ts3.9/server/ngx-template-loader/index.js
<s> [webpack.Progress] 25% building import loader ./node_modules/@storybook/source-loader/dist/cjs/index.js
<s> [webpack.Progress] 25% building 2/17 entries 6168/6171 dependencies 1421/1504 modules
<s> [webpack.Progress] 25% building 3/17 entries 6172/6173 dependencies 1444/1505 modules
<s> [webpack.Progress] 25% building 4/17 entries 6172/6173 dependencies 1444/1505 modules
<s> [webpack.Progress] 26% building 5/17 entries 6172/6173 dependencies 1444/1505 modules
<s> [webpack.Progress] 29% building 6/17 entries 6172/6173 dependencies 1444/1505 modules
<s> [webpack.Progress] 32% building 7/17 entries 6172/6173 dependencies 1444/1505 modules
<s> [webpack.Progress] 35% building 8/17 entries 6172/6173 dependencies 1444/1505 modules
<s> [webpack.Progress] 39% building 9/17 entries 6172/6173 dependencies 1444/1505 modules
<s> [webpack.Progress] 42% building 10/17 entries 6172/6173 dependencies 1444/1505 modules
<s> [webpack.Progress] 45% building 11/17 entries 6172/6173 dependencies 1444/1505 modules
<s> [webpack.Progress] 48% building 12/17 entries 6172/6173 dependencies 1444/1505 modules
<s> [webpack.Progress] 52% building 13/17 entries 6172/6173 dependencies 1453/1505 modules
<s> [webpack.Progress] 55% building 14/17 entries 6175/6176 dependencies 1470/1505 modules
<s> [webpack.Progress] 58% building 15/17 entries 6176/6181 dependencies 1475/1505 modules
<s> [webpack.Progress] 61% building 16/17 entries 6215/6235 dependencies 1495/1506 modules
<s> [webpack.Progress] 61% building import loader ./node_modules/postcss-loader/dist/cjs.js
<s> [webpack.Progress] 61% building import loader ./node_modules/resolve-url-loader/index.js
<s> [webpack.Progress] 61% building 16/17 entries 6248/6253 dependencies 1501/1518 modules
<s> [webpack.Progress] 61% building 16/17 entries 6970/7161 dependencies 1600/1675 modules
<s> [webpack.Progress] 65% building 17/17 entries 7231/7231 dependencies 1691/1691 modules
<s> [webpack.Progress] 65% building
<s> [webpack.Progress] 69% building finish
<s> [webpack.Progress] 69% building finish
<s> [webpack.Progress] 70% sealing finish module graph
<s> [webpack.Progress] 70% sealing finish module graph ResolverCachePlugin
<s> [webpack.Progress] 70% sealing finish module graph InferAsyncModulesPlugin
<s> [webpack.Progress] 70% sealing finish module graph FlagDependencyExportsPlugin
<s> [webpack.Progress] 70% sealing finish module graph InnerGraphPlugin
<s> [webpack.Progress] 70% sealing finish module graph WasmFinalizeExportsPlugin
<s> [webpack.Progress] 70% sealing finish module graph
<s> [webpack.Progress] 70% sealing plugins
<s> [webpack.Progress] 70% sealing plugins WarnCaseSensitiveModulesPlugin
<s> [webpack.Progress] 70% sealing plugins
<s> [webpack.Progress] 71% sealing dependencies optimization
<s> [webpack.Progress] 71% sealing dependencies optimization SideEffectsFlagPlugin
<s> [webpack.Progress] 71% sealing dependencies optimization FlagDependencyUsagePlugin
<s> [webpack.Progress] 71% sealing dependencies optimization
<s> [webpack.Progress] 71% sealing after dependencies optimization
<s> [webpack.Progress] 71% sealing after dependencies optimization
<s> [webpack.Progress] 72% sealing chunk graph
<s> [webpack.Progress] 72% sealing chunk graph
<s> [webpack.Progress] 73% sealing after chunk graph
<s> [webpack.Progress] 73% sealing after chunk graph
<s> [webpack.Progress] 73% sealing optimizing
<s> [webpack.Progress] 73% sealing optimizing
<s> [webpack.Progress] 74% sealing module optimization
<s> [webpack.Progress] 74% sealing module optimization
<s> [webpack.Progress] 75% sealing after module optimization
<s> [webpack.Progress] 75% sealing after module optimization
<s> [webpack.Progress] 75% sealing chunk optimization
<s> [webpack.Progress] 75% sealing chunk optimization EnsureChunkConditionsPlugin
<s> [webpack.Progress] 75% sealing chunk optimization RemoveEmptyChunksPlugin
<s> [webpack.Progress] 75% sealing chunk optimization MergeDuplicateChunksPlugin
<s> [webpack.Progress] 75% sealing chunk optimization SplitChunksPlugin
<s> [webpack.Progress] 75% sealing chunk optimization RemoveEmptyChunksPlugin
<s> [webpack.Progress] 75% sealing chunk optimization
<s> [webpack.Progress] 76% sealing after chunk optimization
<s> [webpack.Progress] 76% sealing after chunk optimization
<s> [webpack.Progress] 77% sealing module and chunk tree optimization
<s> [webpack.Progress] 77% sealing module and chunk tree optimization PersistentChildCompilerSingletonPlugin
<s> [webpack.Progress] 77% sealing module and chunk tree optimization
<s> [webpack.Progress] 77% sealing after module and chunk tree optimization
<s> [webpack.Progress] 77% sealing after module and chunk tree optimization
<s> [webpack.Progress] 78% sealing chunk modules optimization
<s> [webpack.Progress] 78% sealing chunk modules optimization ModuleConcatenationPlugin
<s> [webpack.Progress] 78% sealing chunk modules optimization
<s> [webpack.Progress] 78% sealing after chunk modules optimization
<s> [webpack.Progress] 78% sealing after chunk modules optimization
<s> [webpack.Progress] 79% sealing module reviving
<s> [webpack.Progress] 79% sealing module reviving RecordIdsPlugin
<s> [webpack.Progress] 79% sealing module reviving
<s> [webpack.Progress] 80% sealing before module ids
<s> [webpack.Progress] 80% sealing before module ids
<s> [webpack.Progress] 80% sealing module ids
<s> [webpack.Progress] 80% sealing module ids NamedModuleIdsPlugin
<s> [webpack.Progress] 80% sealing module ids
<s> [webpack.Progress] 81% sealing module id optimization
<s> [webpack.Progress] 81% sealing module id optimization
<s> [webpack.Progress] 82% sealing module id optimization
<s> [webpack.Progress] 82% sealing module id optimization
<s> [webpack.Progress] 82% sealing chunk reviving
<s> [webpack.Progress] 82% sealing chunk reviving RecordIdsPlugin
<s> [webpack.Progress] 82% sealing chunk reviving
<s> [webpack.Progress] 83% sealing before chunk ids
<s> [webpack.Progress] 83% sealing before chunk ids
<s> [webpack.Progress] 84% sealing chunk ids
<s> [webpack.Progress] 84% sealing chunk ids DeterministicChunkIdsPlugin
<s> [webpack.Progress] 84% sealing chunk ids
<s> [webpack.Progress] 84% sealing chunk id optimization
<s> [webpack.Progress] 84% sealing chunk id optimization FlagIncludedChunksPlugin
<s> [webpack.Progress] 84% sealing chunk id optimization
<s> [webpack.Progress] 85% sealing after chunk id optimization
<s> [webpack.Progress] 85% sealing after chunk id optimization
<s> [webpack.Progress] 86% sealing record modules
<s> [webpack.Progress] 86% sealing record modules RecordIdsPlugin
<s> [webpack.Progress] 86% sealing record modules
<s> [webpack.Progress] 86% sealing record chunks
<s> [webpack.Progress] 86% sealing record chunks RecordIdsPlugin
<s> [webpack.Progress] 86% sealing record chunks
<s> [webpack.Progress] 87% sealing module hashing
<s> [webpack.Progress] 87% sealing module hashing
<s> [webpack.Progress] 87% sealing code generation
<s> [webpack.Progress] 87% sealing code generation
<s> [webpack.Progress] 88% sealing runtime requirements
<s> [webpack.Progress] 88% sealing runtime requirements
<s> [webpack.Progress] 89% sealing hashing
<s> [webpack.Progress] 89% sealing hashing
<s> [webpack.Progress] 89% sealing after hashing
<s> [webpack.Progress] 89% sealing after hashing
<s> [webpack.Progress] 90% sealing record hash
<s> [webpack.Progress] 90% sealing record hash
<s> [webpack.Progress] 91% sealing module assets processing
<s> [webpack.Progress] 91% sealing module assets processing
<s> [webpack.Progress] 91% sealing chunk assets processing
<s> [webpack.Progress] 91% sealing chunk assets processing
<s> [webpack.Progress] 92% sealing asset processing
<s> [webpack.Progress] 92% sealing asset processing PersistentChildCompilerSingletonPlugin
<s> [webpack.Progress] 92% sealing asset processing TerserPlugin
info => Manager built (40 s)
<s> [webpack.Progress] 92% sealing asset processing SourceMapDevToolPlugin
<s> [webpack.Progress] 92% sealing asset processing SourceMapDevToolPlugin
<s> [webpack.Progress] 92% sealing asset processing SourceMapDevToolPlugin main.93d5d29f.iframe.bundle.js generate SourceMap
<s> [webpack.Progress] 92% sealing asset processing SourceMapDevToolPlugin main.93d5d29f.iframe.bundle.js generated SourceMap
<s> [webpack.Progress] 92% sealing asset processing SourceMapDevToolPlugin runtime~main.682553d8.iframe.bundle.js generate SourceMap
<s> [webpack.Progress] 92% sealing asset processing SourceMapDevToolPlugin runtime~main.682553d8.iframe.bundle.js generated SourceMap
<s> [webpack.Progress] 92% sealing asset processing SourceMapDevToolPlugin 701.8b203ebf.iframe.bundle.js generate SourceMap
<s> [webpack.Progress] 92% sealing asset processing SourceMapDevToolPlugin 701.8b203ebf.iframe.bundle.js generated SourceMap
<s> [webpack.Progress] 92% sealing asset processing SourceMapDevToolPlugin 531.8993bac5.iframe.bundle.js generate SourceMap
<s> [webpack.Progress] 92% sealing asset processing SourceMapDevToolPlugin 531.8993bac5.iframe.bundle.js generated SourceMap
<s> [webpack.Progress] 92% sealing asset processing SourceMapDevToolPlugin 434.4777dff9.iframe.bundle.js generate SourceMap
<s> [webpack.Progress] 92% sealing asset processing SourceMapDevToolPlugin 434.4777dff9.iframe.bundle.js generated SourceMap
<s> [webpack.Progress] 92% sealing asset processing SourceMapDevToolPlugin 177.e7e1528b.iframe.bundle.js generate SourceMap
<s> [webpack.Progress] 92% sealing asset processing SourceMapDevToolPlugin 177.e7e1528b.iframe.bundle.js generated SourceMap
<s> [webpack.Progress] 92% sealing asset processing SourceMapDevToolPlugin 90.28b1678b.iframe.bundle.js generate SourceMap
<s> [webpack.Progress] 92% sealing asset processing SourceMapDevToolPlugin 90.28b1678b.iframe.bundle.js generated SourceMap
<s> [webpack.Progress] 92% sealing asset processing SourceMapDevToolPlugin 459.9c8b3af8.iframe.bundle.js generate SourceMap
<s> [webpack.Progress] 92% sealing asset processing SourceMapDevToolPlugin 459.9c8b3af8.iframe.bundle.js generated SourceMap
<s> [webpack.Progress] 92% sealing asset processing SourceMapDevToolPlugin 331.f1e48838.iframe.bundle.js generate SourceMap
<s> [webpack.Progress] 92% sealing asset processing SourceMapDevToolPlugin 331.f1e48838.iframe.bundle.js generated SourceMap
<s> [webpack.Progress] 92% sealing asset processing SourceMapDevToolPlugin 574.037f44d9.iframe.bundle.js generate SourceMap
<s> [webpack.Progress] 92% sealing asset processing SourceMapDevToolPlugin 574.037f44d9.iframe.bundle.js generated SourceMap
<s> [webpack.Progress] 92% sealing asset processing SourceMapDevToolPlugin 319.e805a0e6.iframe.bundle.js generate SourceMap
<s> [webpack.Progress] 92% sealing asset processing SourceMapDevToolPlugin 319.e805a0e6.iframe.bundle.js generated SourceMap
<s> [webpack.Progress] 92% sealing asset processing SourceMapDevToolPlugin 935.1291f4b0.iframe.bundle.js generate SourceMap
<s> [webpack.Progress] 92% sealing asset processing SourceMapDevToolPlugin 935.1291f4b0.iframe.bundle.js generated SourceMap
<s> [webpack.Progress] 92% sealing asset processing SourceMapDevToolPlugin 819.5987384a.iframe.bundle.js generate SourceMap
<s> [webpack.Progress] 92% sealing asset processing SourceMapDevToolPlugin 819.5987384a.iframe.bundle.js generated SourceMap
<s> [webpack.Progress] 92% sealing asset processing SourceMapDevToolPlugin 115.b2c1181b.iframe.bundle.js generate SourceMap
<s> [webpack.Progress] 92% sealing asset processing SourceMapDevToolPlugin 115.b2c1181b.iframe.bundle.js generated SourceMap
<s> [webpack.Progress] 92% sealing asset processing SourceMapDevToolPlugin resolve sources
<s> [webpack.Progress] 92% sealing asset processing SourceMapDevToolPlugin main.93d5d29f.iframe.bundle.js attach SourceMap
<s> [webpack.Progress] 92% sealing asset processing SourceMapDevToolPlugin main.93d5d29f.iframe.bundle.js attached SourceMap
<s> [webpack.Progress] 92% sealing asset processing SourceMapDevToolPlugin runtime~main.682553d8.iframe.bundle.js attach SourceMap
<s> [webpack.Progress] 92% sealing asset processing SourceMapDevToolPlugin runtime~main.682553d8.iframe.bundle.js attached SourceMap
<s> [webpack.Progress] 92% sealing asset processing SourceMapDevToolPlugin 701.8b203ebf.iframe.bundle.js attach SourceMap
<s> [webpack.Progress] 92% sealing asset processing SourceMapDevToolPlugin 701.8b203ebf.iframe.bundle.js attached SourceMap
<s> [webpack.Progress] 92% sealing asset processing SourceMapDevToolPlugin 531.8993bac5.iframe.bundle.js attach SourceMap
<s> [webpack.Progress] 92% sealing asset processing SourceMapDevToolPlugin 531.8993bac5.iframe.bundle.js attached SourceMap
<s> [webpack.Progress] 92% sealing asset processing SourceMapDevToolPlugin 434.4777dff9.iframe.bundle.js attach SourceMap
<s> [webpack.Progress] 92% sealing asset processing SourceMapDevToolPlugin 434.4777dff9.iframe.bundle.js attached SourceMap
<s> [webpack.Progress] 92% sealing asset processing SourceMapDevToolPlugin 177.e7e1528b.iframe.bundle.js attach SourceMap
<s> [webpack.Progress] 92% sealing asset processing SourceMapDevToolPlugin 177.e7e1528b.iframe.bundle.js attached SourceMap
<s> [webpack.Progress] 92% sealing asset processing SourceMapDevToolPlugin 90.28b1678b.iframe.bundle.js attach SourceMap
<s> [webpack.Progress] 92% sealing asset processing SourceMapDevToolPlugin 90.28b1678b.iframe.bundle.js attached SourceMap
<s> [webpack.Progress] 92% sealing asset processing SourceMapDevToolPlugin 459.9c8b3af8.iframe.bundle.js attach SourceMap
<s> [webpack.Progress] 92% sealing asset processing SourceMapDevToolPlugin 459.9c8b3af8.iframe.bundle.js attached SourceMap
<s> [webpack.Progress] 92% sealing asset processing SourceMapDevToolPlugin 331.f1e48838.iframe.bundle.js attach SourceMap
<s> [webpack.Progress] 92% sealing asset processing SourceMapDevToolPlugin 331.f1e48838.iframe.bundle.js attached SourceMap
<s> [webpack.Progress] 92% sealing asset processing SourceMapDevToolPlugin 574.037f44d9.iframe.bundle.js attach SourceMap
<s> [webpack.Progress] 92% sealing asset processing SourceMapDevToolPlugin 574.037f44d9.iframe.bundle.js attached SourceMap
<s> [webpack.Progress] 92% sealing asset processing SourceMapDevToolPlugin 319.e805a0e6.iframe.bundle.js attach SourceMap
<s> [webpack.Progress] 92% sealing asset processing SourceMapDevToolPlugin 319.e805a0e6.iframe.bundle.js attached SourceMap
<s> [webpack.Progress] 92% sealing asset processing SourceMapDevToolPlugin 935.1291f4b0.iframe.bundle.js attach SourceMap
<s> [webpack.Progress] 92% sealing asset processing SourceMapDevToolPlugin 935.1291f4b0.iframe.bundle.js attached SourceMap
<s> [webpack.Progress] 92% sealing asset processing SourceMapDevToolPlugin 819.5987384a.iframe.bundle.js attach SourceMap
<s> [webpack.Progress] 92% sealing asset processing SourceMapDevToolPlugin 819.5987384a.iframe.bundle.js attached SourceMap
<s> [webpack.Progress] 92% sealing asset processing SourceMapDevToolPlugin 115.b2c1181b.iframe.bundle.js attach SourceMap
<s> [webpack.Progress] 92% sealing asset processing SourceMapDevToolPlugin 115.b2c1181b.iframe.bundle.js attached SourceMap
<s> [webpack.Progress] 92% sealing asset processing SourceMapDevToolPlugin
<s> [webpack.Progress] 92% sealing asset processing SourceMapDevToolPlugin
<s> [webpack.Progress] 92% sealing asset processing SourceMapDevToolPlugin resolve sources
<s> [webpack.Progress] 92% sealing asset processing SourceMapDevToolPlugin
<s> [webpack.Progress] 92% sealing asset processing HtmlWebpackPlugin
<s> [webpack.Progress] 92% sealing asset processing HtmlWebpackPlugin
<s> [webpack.Progress] 92% sealing asset processing HtmlWebpackPlugin resolve sources
<s> [webpack.Progress] 92% sealing asset processing HtmlWebpackPlugin
<s> [webpack.Progress] 92% sealing asset processing RealContentHashPlugin
<s> [webpack.Progress] 92% sealing asset processing RealContentHashPlugin
<s> [webpack.Progress] 92% sealing asset processing RealContentHashPlugin resolve sources
<s> [webpack.Progress] 92% sealing asset processing RealContentHashPlugin
<s> [webpack.Progress] 92% sealing asset processing AnyComponentStyleBudgetChecker
<s> [webpack.Progress] 92% sealing asset processing
<s> [webpack.Progress] 93% sealing after asset optimization
<s> [webpack.Progress] 93% sealing after asset optimization
<s> [webpack.Progress] 93% sealing recording
<s> [webpack.Progress] 93% sealing recording
<s> [webpack.Progress] 94% sealing after seal
<s> [webpack.Progress] 94% sealing after seal
<s> [webpack.Progress] 95% emitting emit
<s> [webpack.Progress] 95% emitting emit fork-ts-checker-webpack-plugin
<s> [webpack.Progress] 95% emitting emit
<s> [webpack.Progress] 98% emitting after emit
<s> [webpack.Progress] 98% emitting after emit SizeLimitsPlugin
<s> [webpack.Progress] 98% emitting after emit
<s> [webpack.Progress] 99% done plugins
<s> [webpack.Progress] 99% done plugins CaseSensitivePathsPlugin
<s> [webpack.Progress] 99% done plugins fork-ts-checker-webpack-plugin
<s> [webpack.Progress] 99% done plugins fork-ts-checker-webpack-plugin
<s> [webpack.Progress] 99% done plugins
<s> [webpack.Progress] 99% 

<s> [webpack.Progress] 99% cache store build dependencies
<s> [webpack.Progress] 99% cache store build dependencies
<s> [webpack.Progress] 99% cache begin idle
<s> [webpack.Progress] 99% cache begin idle
<s> [webpack.Progress] 100% 

info => Preview built (53 s)
WARN System.import() is deprecated and will be removed soon. Use import() instead.
WARN For more info visit https://webpack.js.org/guides/code-splitting/
WARN System.import() is deprecated and will be removed soon. Use import() instead.
WARN For more info visit https://webpack.js.org/guides/code-splitting/
WARN asset size limit: The following asset(s) exceed the recommended size limit (244 KiB).
WARN This can impact web performance.
WARN Assets: 
WARN   434.1da6116a.iframe.bundle.js (652 KiB)
WARN   819.e358180d.iframe.bundle.js (3.8 MiB)
WARN   115.580b56b0.iframe.bundle.js (590 KiB)
WARN entrypoint size limit: The following entrypoint(s) combined asset size exceeds the recommended limit (244 KiB). This can impact web performance.
WARN Entrypoints:
WARN   main (3.92 MiB)
WARN       runtime~main.764ee7f7.iframe.bundle.js
WARN       819.e358180d.iframe.bundle.js
WARN       main.c2a5389a.iframe.bundle.js
WARN 
<s> [webpack.Progress] 99% cache shutdown
<s> [webpack.Progress] 99% cache shutdown
<s> [webpack.Progress] 100% 

info => Output directory: /var/folders/nw/3tbrrb5119g_rk9kgg261mvm0000gn/T/chromatic--92298-j2FjAW8Cv4Et
